In file included from [01m[K/home/brc/DD_Nav_WS/dd_gazebo_ws/src/drone_nav/src/footprint_tf_broadcaster.cpp:1[m[K:
[01m[K/home/brc/DD_Nav_WS/dd_gazebo_ws/src/drone_nav/include/drone_nav/footprint_tf_broadcaster.hpp:11:10:[m[K [01;31m[Kfatal error: [m[Ksensor_msgs/msg/nav_sat_fix.hpp: No such file or directory
   11 | #include [01;31m[K"sensor_msgs/msg/nav_sat_fix.hpp"[m[K
      |          [01;31m[K^~~~~~~~~~~~~~~~~~~~~~~~~~~~~~~~~[m[K
compilation terminated.
gmake[2]: *** [CMakeFiles/footprint_tf_broadcaster.dir/build.make:76: CMakeFiles/footprint_tf_broadcaster.dir/src/footprint_tf_broadcaster.cpp.o] Error 1
gmake[1]: *** [CMakeFiles/Makefile2:165: CMakeFiles/footprint_tf_broadcaster.dir/all] Error 2
gmake: *** [Makefile:146: all] Error 2
