[0.038s] Invoking command in '/home/brc/DD_Nav_WS/dd_gazebo_ws/build/drone_nav': CMAKE_PREFIX_PATH=/opt/ros/humble /usr/bin/cmake --build /home/brc/DD_Nav_WS/dd_gazebo_ws/build/drone_nav -- -j8 -l8
[0.054s] -- Found ament_cmake: 1.3.5 (/opt/ros/humble/share/ament_cmake/cmake)
[0.144s] -- Found rclcpp: 16.0.6 (/opt/ros/humble/share/rclcpp/cmake)
[0.161s] -- Found rosidl_generator_c: 3.1.5 (/opt/ros/humble/share/rosidl_generator_c/cmake)
[0.162s] -- Found rosidl_adapter: 3.1.5 (/opt/ros/humble/share/rosidl_adapter/cmake)
[0.166s] -- Found rosidl_generator_cpp: 3.1.5 (/opt/ros/humble/share/rosidl_generator_cpp/cmake)
[0.172s] -- Using all available rosidl_typesupport_c: rosidl_typesupport_fastrtps_c;rosidl_typesupport_introspection_c
[0.181s] -- Using all available rosidl_typesupport_cpp: rosidl_typesupport_fastrtps_cpp;rosidl_typesupport_introspection_cpp
[0.213s] -- Found rmw_implementation_cmake: 6.1.1 (/opt/ros/humble/share/rmw_implementation_cmake/cmake)
[0.214s] -- Found rmw_fastrtps_cpp: 6.2.4 (/opt/ros/humble/share/rmw_fastrtps_cpp/cmake)
[0.286s] -- Using RMW implementation 'rmw_fastrtps_cpp' as default
[0.379s] -- Found rclpy: 3.3.10 (/opt/ros/humble/share/rclpy/cmake)
[0.379s] -- Found geometry_msgs: 4.2.3 (/opt/ros/humble/share/geometry_msgs/cmake)
[0.407s] -- Found tf2: 0.25.4 (/opt/ros/humble/share/tf2/cmake)
[0.413s] -- Found tf2_ros: 0.25.4 (/opt/ros/humble/share/tf2_ros/cmake)
[0.634s] -- Found ament_lint_auto: 0.12.8 (/opt/ros/humble/share/ament_lint_auto/cmake)
[0.676s] -- Added test 'cppcheck' to perform static code analysis on C / C++ code
[0.676s] -- Configured cppcheck include dirs: 
[0.676s] -- Configured cppcheck exclude dirs and/or files: 
[0.676s] -- Added test 'flake8' to check Python code syntax and style conventions
[0.676s] -- Added test 'lint_cmake' to check CMake code style
[0.676s] -- Added test 'pep257' to check Python code against some of the docstring style conventions in PEP 257
[0.676s] -- Added test 'uncrustify' to check C / C++ code style
[0.677s] -- Configured uncrustify additional arguments: 
[0.677s] -- Added test 'xmllint' to check XML markup files
[0.678s] -- Configuring done
[0.684s] -- Generating done
[0.685s] -- Build files have been written to: /home/brc/DD_Nav_WS/dd_gazebo_ws/build/drone_nav
[0.703s] [35m[1mConsolidate compiler generated dependencies of target stabilized_tf_broadcaster[0m
[0.715s] [ 50%] [32mBuilding CXX object CMakeFiles/stabilized_tf_broadcaster.dir/src/stabilized_tf_broadcaster.cpp.o[0m
[0.859s] In file included from [01m[K/home/brc/DD_Nav_WS/dd_gazebo_ws/src/drone_nav/src/stabilized_tf_broadcaster.cpp:1[m[K:
[0.859s] [01m[K/home/brc/DD_Nav_WS/dd_gazebo_ws/src/drone_nav/include/drone_nav/stabilized_tf_broadcaster.hpp:10:10:[m[K [01;31m[Kfatal error: [m[Ksensor_msgs/msg/imu.hpp: No such file or directory
[0.859s]    10 | #include [01;31m[K"sensor_msgs/msg/imu.hpp"[m[K
[0.859s]       |          [01;31m[K^~~~~~~~~~~~~~~~~~~~~~~~~[m[K
[0.860s] compilation terminated.
[0.862s] gmake[2]: *** [CMakeFiles/stabilized_tf_broadcaster.dir/build.make:76: CMakeFiles/stabilized_tf_broadcaster.dir/src/stabilized_tf_broadcaster.cpp.o] Error 1
[0.862s] gmake[1]: *** [CMakeFiles/Makefile2:137: CMakeFiles/stabilized_tf_broadcaster.dir/all] Error 2
[0.863s] gmake: *** [Makefile:146: all] Error 2
[0.865s] Invoked command in '/home/brc/DD_Nav_WS/dd_gazebo_ws/build/drone_nav' returned '2': CMAKE_PREFIX_PATH=/opt/ros/humble /usr/bin/cmake --build /home/brc/DD_Nav_WS/dd_gazebo_ws/build/drone_nav -- -j8 -l8
