-- Found ament_cmake: 1.3.5 (/opt/ros/humble/share/ament_cmake/cmake)
-- Found rclcpp: 16.0.6 (/opt/ros/humble/share/rclcpp/cmake)
-- Found rosidl_generator_c: 3.1.5 (/opt/ros/humble/share/rosidl_generator_c/cmake)
-- Found rosidl_adapter: 3.1.5 (/opt/ros/humble/share/rosidl_adapter/cmake)
-- Found rosidl_generator_cpp: 3.1.5 (/opt/ros/humble/share/rosidl_generator_cpp/cmake)
-- Using all available rosidl_typesupport_c: rosidl_typesupport_fastrtps_c;rosidl_typesupport_introspection_c
-- Using all available rosidl_typesupport_cpp: rosidl_typesupport_fastrtps_cpp;rosidl_typesupport_introspection_cpp
-- Found rmw_implementation_cmake: 6.1.1 (/opt/ros/humble/share/rmw_implementation_cmake/cmake)
-- Found rmw_fastrtps_cpp: 6.2.4 (/opt/ros/humble/share/rmw_fastrtps_cpp/cmake)
-- Using RMW implementation 'rmw_fastrtps_cpp' as default
-- Found rclpy: 3.3.10 (/opt/ros/humble/share/rclpy/cmake)
-- Found geometry_msgs: 4.2.3 (/opt/ros/humble/share/geometry_msgs/cmake)
-- Found tf2: 0.25.4 (/opt/ros/humble/share/tf2/cmake)
-- Found tf2_ros: 0.25.4 (/opt/ros/humble/share/tf2_ros/cmake)
-- Found sensor_msgs: 4.2.3 (/opt/ros/humble/share/sensor_msgs/cmake)
-- Found ament_lint_auto: 0.12.8 (/opt/ros/humble/share/ament_lint_auto/cmake)
-- Added test 'cppcheck' to perform static code analysis on C / C++ code
-- Configured cppcheck include dirs: 
-- Configured cppcheck exclude dirs and/or files: 
-- Added test 'flake8' to check Python code syntax and style conventions
-- Added test 'lint_cmake' to check CMake code style
-- Added test 'pep257' to check Python code against some of the docstring style conventions in PEP 257
-- Added test 'uncrustify' to check C / C++ code style
-- Configured uncrustify additional arguments: 
-- Added test 'xmllint' to check XML markup files
-- Configuring done
-- Generating done
-- Build files have been written to: /home/brc/DD_Nav_WS/dd_gazebo_ws/build/drone_nav
[35m[1mConsolidate compiler generated dependencies of target stabilized_tf_broadcaster[0m
[ 25%] [32mBuilding CXX object CMakeFiles/footprint_tf_broadcaster.dir/src/footprint_tf_broadcaster.cpp.o[0m
[ 50%] [32mBuilding CXX object CMakeFiles/stabilized_tf_broadcaster.dir/src/stabilized_tf_broadcaster.cpp.o[0m
[01m[K/home/brc/DD_Nav_WS/dd_gazebo_ws/src/drone_nav/src/footprint_tf_broadcaster.cpp:[m[K In function â€˜[01m[Kint main(int, char**)[m[Kâ€™:
[01m[K/home/brc/DD_Nav_WS/dd_gazebo_ws/src/drone_nav/src/footprint_tf_broadcaster.cpp:33:33:[m[K [01;31m[Kerror: [m[Kâ€˜[01m[KStabilizedBroadcaster[m[Kâ€™ was not declared in this scope
   33 |   rclcpp::spin(std::make_shared<[01;31m[KStabilizedBroadcaster[m[K>());
      |                                 [01;31m[K^~~~~~~~~~~~~~~~~~~~~[m[K
[01m[K/home/brc/DD_Nav_WS/dd_gazebo_ws/src/drone_nav/src/footprint_tf_broadcaster.cpp:33:55:[m[K [01;31m[Kerror: [m[Kno matching function for call to â€˜[01m[Kmake_shared<<expression error> >()[m[Kâ€™
   33 |   rclcpp::spin([01;31m[Kstd::make_shared<StabilizedBroadcaster>()[m[K);
      |                [01;31m[K~~~~~~~~~~~~~~~~~~~~~~~~~~~~~~~~~~~~~~~^~[m[K
In file included from [01m[K/usr/include/c++/11/memory:77[m[K,
                 from [01m[K/home/brc/DD_Nav_WS/dd_gazebo_ws/src/drone_nav/include/drone_nav/footprint_tf_broadcaster.hpp:2[m[K,
                 from [01m[K/home/brc/DD_Nav_WS/dd_gazebo_ws/src/drone_nav/src/footprint_tf_broadcaster.cpp:1[m[K:
[01m[K/usr/include/c++/11/bits/shared_ptr.h:875:5:[m[K [01;36m[Knote: [m[Kcandidate: â€˜[01m[Ktemplate<class _Tp, class ... _Args> std::shared_ptr<_Tp> std::make_shared(_Args&& ...)[m[Kâ€™
  875 |     [01;36m[Kmake_shared[m[K(_Args&&... __args)
      |     [01;36m[K^~~~~~~~~~~[m[K
[01m[K/usr/include/c++/11/bits/shared_ptr.h:875:5:[m[K [01;36m[Knote: [m[K  template argument deduction/substitution failed:
[01m[K/home/brc/DD_Nav_WS/dd_gazebo_ws/src/drone_nav/src/footprint_tf_broadcaster.cpp:33:55:[m[K [01;31m[Kerror: [m[Ktemplate argument 1 is invalid
   33 |   rclcpp::spin([01;31m[Kstd::make_shared<StabilizedBroadcaster>()[m[K);
      |                [01;31m[K~~~~~~~~~~~~~~~~~~~~~~~~~~~~~~~~~~~~~~~^~[m[K
gmake[2]: *** [CMakeFiles/footprint_tf_broadcaster.dir/build.make:76: CMakeFiles/footprint_tf_broadcaster.dir/src/footprint_tf_broadcaster.cpp.o] Error 1
gmake[1]: *** [CMakeFiles/Makefile2:165: CMakeFiles/footprint_tf_broadcaster.dir/all] Error 2
gmake[1]: *** Waiting for unfinished jobs....
[ 75%] [32m[1mLinking CXX executable stabilized_tf_broadcaster[0m
[ 75%] Built target stabilized_tf_broadcaster
gmake: *** [Makefile:146: all] Error 2
